Model Technology ModelSim SE-64 vlog 10.2c Compiler 2013.07 Jul 19 2013
C:\Tools\modeltech64_10.2c\win64\vlog.exe -reportprogress 300 -f flist 
-- Skipping module clk_gen
-- Skipping module rst_gen
-- Skipping module key_gen
-- Skipping module hc_sr04
-- Skipping module rs232
-- Skipping module tb
-- Compiling module top
-- Compiling module hmi_top
-- Skipping module hex2bcd
-- Compiling module freq_gen
-- Skipping module smg_interface
-- Skipping module smg_scan_module
-- Skipping module smg_control_module
-- Skipping module smg_encode_module
-- Compiling module clk_rst_top
-- Skipping module pluse_us_gen
-- Compiling module pluse_ms_gen

Top level modules:
	tb
