Model Technology ModelSim SE-64 vlog 10.2c Compiler 2013.07 Jul 19 2013
C:\Tools\modeltech64_10.2c\win64\vlog.exe -reportprogress 300 -f flist 
-- Compiling module clk_gen
-- Compiling module rst_gen
-- Compiling module key_gen
-- Compiling module hc_sr04
-- Compiling module rs232
-- Compiling module tb
-- Compiling module top
-- Compiling module clk_rst_top
-- Compiling module pluse_us_gen
-- Compiling module hmi_top
-- Compiling module echo_handle
-- Compiling module sensor_core
-- Compiling module lega_box
-- Compiling module alg_box
-- Compiling module commu_top
-- Compiling module urx_filter
-- Compiling module phy_urx
-- Compiling module phy_utx

Top level modules:
	tb
